[debug] [2025-05-07T15:37:56.421Z] ----------------------------------------------------------------------
[debug] [2025-05-07T15:37:56.427Z] Command:       C:\Program Files\nodejs\node.exe C:\Users\kanpc\AppData\Roaming\npm\node_modules\firebase-tools\lib\bin\firebase.js init hosting
[debug] [2025-05-07T15:37:56.428Z] CLI Version:   14.2.2
[debug] [2025-05-07T15:37:56.428Z] Platform:      win32
[debug] [2025-05-07T15:37:56.428Z] Node Version:  v22.15.0
[debug] [2025-05-07T15:37:56.428Z] Time:          Wed May 07 2025 22:37:56 GMT+0700 (Indochina Time)
[debug] [2025-05-07T15:37:56.429Z] ----------------------------------------------------------------------
[debug] 
[debug] [2025-05-07T15:37:56.435Z] > command requires scopes: ["email","openid","https://www.googleapis.com/auth/cloudplatformprojects.readonly","https://www.googleapis.com/auth/firebase","https://www.googleapis.com/auth/cloud-platform"]
[debug] [2025-05-07T15:37:56.436Z] > authorizing via signed-in user (vyk103736@gmail.com)
[info] 
     ######## #### ########  ######## ########     ###     ######  ########
     ##        ##  ##     ## ##       ##     ##  ##   ##  ##       ##
     ######    ##  ########  ######   ########  #########  ######  ######
     ##        ##  ##    ##  ##       ##     ## ##     ##       ## ##
     ##       #### ##     ## ######## ########  ##     ##  ######  ########

You're about to initialize a Firebase project in this directory:

  C:\Users\kanpc\Desktop\yt

[info] 
=== Project Setup
[info] 
[info] First, let's associate this project directory with a Firebase project.
[info] You can create multiple project aliases by running firebase use --add, 
[info] but for now we'll just set up a default project.
[info] 
[debug] [2025-05-07T15:38:08.017Z] Checked if tokens are valid: false, expires at: 1744266159020
[debug] [2025-05-07T15:38:08.017Z] Checked if tokens are valid: false, expires at: 1744266159020
[debug] [2025-05-07T15:38:08.018Z] > refreshing access token with scopes: []
[debug] [2025-05-07T15:38:08.020Z] >>> [apiv2][query] POST https://www.googleapis.com/oauth2/v3/token [none]
[debug] [2025-05-07T15:38:08.020Z] >>> [apiv2][body] POST https://www.googleapis.com/oauth2/v3/token [omitted]
[debug] [2025-05-07T15:38:08.258Z] <<< [apiv2][status] POST https://www.googleapis.com/oauth2/v3/token 400
[debug] [2025-05-07T15:38:08.258Z] <<< [apiv2][body] POST https://www.googleapis.com/oauth2/v3/token [omitted]
[debug] [2025-05-07T15:38:08.258Z] >>> [apiv2][query] GET https://firebase.googleapis.com/v1beta1/projects pageSize=100
[debug] [2025-05-07T15:38:08.433Z] <<< [apiv2][status] GET https://firebase.googleapis.com/v1beta1/projects 401
[debug] [2025-05-07T15:38:08.433Z] <<< [apiv2][body] GET https://firebase.googleapis.com/v1beta1/projects [omitted]
[debug] [2025-05-07T15:38:08.433Z] Got a 401 Unauthenticated error for a call that required authentication. Refreshing tokens.
[debug] [2025-05-07T15:38:08.434Z] Checked if tokens are valid: false, expires at: 1744266159020
[debug] [2025-05-07T15:38:08.434Z] Checked if tokens are valid: false, expires at: 1744266159020
[debug] [2025-05-07T15:38:08.434Z] > refreshing access token with scopes: []
[debug] [2025-05-07T15:38:08.434Z] >>> [apiv2][query] POST https://www.googleapis.com/oauth2/v3/token [none]
[debug] [2025-05-07T15:38:08.434Z] >>> [apiv2][body] POST https://www.googleapis.com/oauth2/v3/token [omitted]
[debug] [2025-05-07T15:38:08.509Z] <<< [apiv2][status] POST https://www.googleapis.com/oauth2/v3/token 400
[debug] [2025-05-07T15:38:08.509Z] <<< [apiv2][body] POST https://www.googleapis.com/oauth2/v3/token [omitted]
[debug] [2025-05-07T15:38:08.511Z] Request to https://firebase.googleapis.com/v1beta1/projects?pageSize=100 had HTTP Error: 401, Request had invalid authentication credentials. Expected OAuth 2 access token, login cookie or other valid authentication credential. See https://developers.google.com/identity/sign-in/web/devconsole-project.
[debug] [2025-05-07T15:38:08.683Z] FirebaseError: Request to https://firebase.googleapis.com/v1beta1/projects?pageSize=100 had HTTP Error: 401, Request had invalid authentication credentials. Expected OAuth 2 access token, login cookie or other valid authentication credential. See https://developers.google.com/identity/sign-in/web/devconsole-project.
    at responseToError (C:\Users\kanpc\AppData\Roaming\npm\node_modules\firebase-tools\lib\responseToError.js:52:12)
    at RetryOperation._fn (C:\Users\kanpc\AppData\Roaming\npm\node_modules\firebase-tools\lib\apiv2.js:312:77)
    at process.processTicksAndRejections (node:internal/process/task_queues:105:5)
[error] 
[error] Error: Failed to list Firebase projects. See firebase-debug.log for more info.
[debug] [2025-05-07T15:38:15.220Z] ----------------------------------------------------------------------
[debug] [2025-05-07T15:38:15.223Z] Command:       C:\Program Files\nodejs\node.exe C:\Users\kanpc\AppData\Roaming\npm\node_modules\firebase-tools\lib\bin\firebase.js init hosting
[debug] [2025-05-07T15:38:15.223Z] CLI Version:   14.2.2
[debug] [2025-05-07T15:38:15.223Z] Platform:      win32
[debug] [2025-05-07T15:38:15.224Z] Node Version:  v22.15.0
[debug] [2025-05-07T15:38:15.224Z] Time:          Wed May 07 2025 22:38:15 GMT+0700 (Indochina Time)
[debug] [2025-05-07T15:38:15.224Z] ----------------------------------------------------------------------
[debug] 
[debug] [2025-05-07T15:38:15.230Z] > command requires scopes: ["email","openid","https://www.googleapis.com/auth/cloudplatformprojects.readonly","https://www.googleapis.com/auth/firebase","https://www.googleapis.com/auth/cloud-platform"]
[debug] [2025-05-07T15:38:15.231Z] > authorizing via signed-in user (vyk103736@gmail.com)
[info] 
     ######## #### ########  ######## ########     ###     ######  ########
     ##        ##  ##     ## ##       ##     ##  ##   ##  ##       ##
     ######    ##  ########  ######   ########  #########  ######  ######
     ##        ##  ##    ##  ##       ##     ## ##     ##       ## ##
     ##       #### ##     ## ######## ########  ##     ##  ######  ########

You're about to initialize a Firebase project in this directory:

  C:\Users\kanpc\Desktop\yt

[info] 
=== Project Setup
[info] 
[info] First, let's associate this project directory with a Firebase project.
[info] You can create multiple project aliases by running firebase use --add, 
[info] but for now we'll just set up a default project.
[info] 
[info] i  If you want to create a project in a Google Cloud organization or folder, please use "firebase projects:create" instead, and return to this command when you've created the project. 
[debug] [2025-05-07T15:38:36.237Z] Checked if tokens are valid: false, expires at: 1744266159020
[debug] [2025-05-07T15:38:36.237Z] Checked if tokens are valid: false, expires at: 1744266159020
[debug] [2025-05-07T15:38:36.237Z] > refreshing access token with scopes: []
[debug] [2025-05-07T15:38:36.240Z] >>> [apiv2][query] POST https://www.googleapis.com/oauth2/v3/token [none]
[debug] [2025-05-07T15:38:36.240Z] >>> [apiv2][body] POST https://www.googleapis.com/oauth2/v3/token [omitted]
[debug] [2025-05-07T15:38:36.500Z] <<< [apiv2][status] POST https://www.googleapis.com/oauth2/v3/token 400
[debug] [2025-05-07T15:38:36.500Z] <<< [apiv2][body] POST https://www.googleapis.com/oauth2/v3/token [omitted]
[debug] [2025-05-07T15:38:36.501Z] >>> [apiv2][query] POST https://cloudresourcemanager.googleapis.com/v1/projects [none]
[debug] [2025-05-07T15:38:36.501Z] >>> [apiv2][body] POST https://cloudresourcemanager.googleapis.com/v1/projects {"projectId":"khanhyt","name":"khanhyt"}
[debug] [2025-05-07T15:38:37.493Z] <<< [apiv2][status] POST https://cloudresourcemanager.googleapis.com/v1/projects 401
[debug] [2025-05-07T15:38:37.494Z] <<< [apiv2][body] POST https://cloudresourcemanager.googleapis.com/v1/projects {"error":{"code":401,"message":"Request had invalid authentication credentials. Expected OAuth 2 access token, login cookie or other valid authentication credential. See https://developers.google.com/identity/sign-in/web/devconsole-project.","status":"UNAUTHENTICATED","details":[{"@type":"type.googleapis.com/google.rpc.ErrorInfo","reason":"ACCESS_TOKEN_TYPE_UNSUPPORTED","metadata":{"method":"google.cloudresourcemanager.v1.Projects.CreateProject","service":"cloudresourcemanager.googleapis.com"}}]}}
[debug] [2025-05-07T15:38:37.494Z] Got a 401 Unauthenticated error for a call that required authentication. Refreshing tokens.
[debug] [2025-05-07T15:38:37.494Z] Checked if tokens are valid: false, expires at: 1744266159020
[debug] [2025-05-07T15:38:37.494Z] Checked if tokens are valid: false, expires at: 1744266159020
[debug] [2025-05-07T15:38:37.494Z] > refreshing access token with scopes: []
[debug] [2025-05-07T15:38:37.494Z] >>> [apiv2][query] POST https://www.googleapis.com/oauth2/v3/token [none]
[debug] [2025-05-07T15:38:37.494Z] >>> [apiv2][body] POST https://www.googleapis.com/oauth2/v3/token [omitted]
[debug] [2025-05-07T15:38:37.568Z] <<< [apiv2][status] POST https://www.googleapis.com/oauth2/v3/token 400
[debug] [2025-05-07T15:38:37.568Z] <<< [apiv2][body] POST https://www.googleapis.com/oauth2/v3/token [omitted]
[debug] [2025-05-07T15:38:37.731Z] FirebaseError: Request to https://cloudresourcemanager.googleapis.com/v1/projects had HTTP Error: 401, Request had invalid authentication credentials. Expected OAuth 2 access token, login cookie or other valid authentication credential. See https://developers.google.com/identity/sign-in/web/devconsole-project.
    at responseToError (C:\Users\kanpc\AppData\Roaming\npm\node_modules\firebase-tools\lib\responseToError.js:52:12)
    at RetryOperation._fn (C:\Users\kanpc\AppData\Roaming\npm\node_modules\firebase-tools\lib\apiv2.js:312:77)
    at process.processTicksAndRejections (node:internal/process/task_queues:105:5)
[error] 
[error] Error: Failed to create project. See firebase-debug.log for more info.
